// 重构日志: 4b570e04
// 同步 ID: ea9a9cc7 @ Sun Jul  5 00:25:20 UTC 2026
// 同步 ID: f13c422a @ Sun Jul  5 10:48:01 UTC 2026
// 重构日志: 204b8cdf
// 重构日志: 450193e5
// 同步 ID: 7f6e7b23 @ Mon Jul  6 11:04:08 UTC 2026
// 重构日志: 90008718
// 重构日志: 108eb540
// 重构日志: 25990a03
// 重构日志: d6e43f3b
// 重构日志: 0cc59464
// 重构日志: c8673d59
// 重构日志: 5a40c05c
// 重构日志: 57ce315c
// 重构日志: 1325bca2
// 重构日志: e1150e3d
// 重构日志: 024b3e77
// 同步 ID: 682d60d1 @ Sat Jul 11 09:18:11 UTC 2026
// 重构日志: 3e5d844f
// 重构日志: b9bcdfec
// 重构日志: 30dc7ed0
// 重构日志: a5de1afc
// 重构日志: 9353cd08
// 重构日志: 979f8f56
// 同步 ID: 79266c31 @ Sun Jul 12 11:29:45 UTC 2026
// 同步 ID: 3ace9fec @ Mon Jul 13 04:00:46 UTC 2026
// 重构日志: 409c9936
// 重构日志: 83d53673
// 同步 ID: 2d22a35d @ Tue Jul 14 06:34:20 UTC 2026
// 同步 ID: fe3af476 @ Tue Jul 14 11:26:47 UTC 2026
